Arguments: 
  C:\Program Files\nodejs\node.exe C:\Users\Microsoft_User\AppData\Roaming\npm\node_modules\yarn\bin\yarn.js install

PATH: 
  C:\Users\Microsoft_User\bin;C:\Program Files\Git\mingw64\bin;C:\Program Files\Git\usr\local\bin;C:\Program Files\Git\usr\bin;C:\Program Files\Git\usr\bin;C:\Program Files\Git\mingw64\bin;C:\Program Files\Git\usr\bin;C:\Users\Microsoft_User\bin;C:\Windows\system32;C:\Windows;C:\Windows\System32\Wbem;C:\Windows\System32\WindowsPowerShell\v1.0;C:\Windows\System32\OpenSSH;C:\Program Files\nodejs;C:\Program Files\Git\cmd;C:\Users\Microsoft_User\AppData\Local\Microsoft\WindowsApps;C:\Users\Microsoft_User\AppData\Roaming\npm;E:\INSTALLED SOFTWARES\VS CODE\Microsoft VS Code\bin;C:\Users\Microsoft_User\AppData\Local\GitHubDesktop\bin;C:\Program Files\Git\usr\bin\vendor_perl;C:\Program Files\Git\usr\bin\core_perl

Yarn version: 
  1.22.18

Node version: 
  16.13.0

Platform: 
  win32 x64

Trace: 
  Error: EPERM: operation not permitted, open 'C:\Users\Microsoft_User\AppData\Local\Yarn\Cache\v6\npm-date-fns-2.28.0-9570d656f5fc13143e50c975a3b6bbeb46cd08b2-integrity\node_modules\date-fns\.yarn-tarball.tgz'

npm manifest: 
  {
    "name": "lawondemand",
    "version": "1.0.0",
    "private": true,
    "description": "lawondemand",
    "author": "Dawood Ahmed",
    "keywords": [
      "gatsby"
    ],
    "scripts": {
      "develop": "gatsby develop",
      "start": "gatsby develop",
      "build": "gatsby build",
      "serve": "gatsby serve",
      "clean": "gatsby clean"
    },
    "dependencies": {
      "@popperjs/core": "^2.9.2",
      "bootstrap": "^5.0.0-beta3",
      "gatsby": "^4.2.0",
      "gatsby-plugin-image": "^2.2.0",
      "gatsby-plugin-sharp": "^4.2.0",
      "gatsby-source-filesystem": "^4.2.0",
      "gatsby-transformer-sharp": "^4.2.0",
      "react": "^17.0.1",
      "react-dom": "^17.0.1"
    }
  }

yarn manifest: 
  No manifest

Lockfile: 
  No lockfile
